CRITICAL - 2025-09-11 08:37:16 --> CodeIgniter\View\Exceptions\ViewException: Invalid file: "web/about.php"
[Method: GET, Route: about]
in SYSTEMPATH\Exceptions\FrameworkException.php on line 39.
 1 SYSTEMPATH\View\View.php(212): CodeIgniter\Exceptions\FrameworkException::forInvalidFile('web/about.php')
 2 SYSTEMPATH\Common.php(1173): CodeIgniter\View\View->render('web/about', [], true)
 3 APPPATH\Controllers\Home.php(17): view('web/about')
 4 SYSTEMPATH\CodeIgniter.php(933): App\Controllers\Home->about()
 5 SYSTEMPATH\CodeIgniter.php(507): CodeIgniter\CodeIgniter->runController(Object(App\Controllers\Home))
 6 SYSTEMPATH\CodeIgniter.php(354): CodeIgniter\CodeIgniter->handleRequest(null, Object(Config\Cache), false)
 7 SYSTEMPATH\Boot.php(334): CodeIgniter\CodeIgniter->run()
 8 SYSTEMPATH\Boot.php(67): CodeIgniter\Boot::runCodeIgniter(Object(CodeIgniter\CodeIgniter))
 9 FCPATH\index.php(59): CodeIgniter\Boot::bootWeb(Object(Config\Paths))
CRITICAL - 2025-09-11 08:51:21 --> CodeIgniter\View\Exceptions\ViewException: Invalid file: "web/about.php"
[Method: GET, Route: about]
in SYSTEMPATH\Exceptions\FrameworkException.php on line 39.
 1 SYSTEMPATH\View\View.php(212): CodeIgniter\Exceptions\FrameworkException::forInvalidFile('web/about.php')
 2 SYSTEMPATH\Common.php(1173): CodeIgniter\View\View->render('web/about', [], true)
 3 APPPATH\Controllers\Home.php(17): view('web/about')
 4 SYSTEMPATH\CodeIgniter.php(933): App\Controllers\Home->about()
 5 SYSTEMPATH\CodeIgniter.php(507): CodeIgniter\CodeIgniter->runController(Object(App\Controllers\Home))
 6 SYSTEMPATH\CodeIgniter.php(354): CodeIgniter\CodeIgniter->handleRequest(null, Object(Config\Cache), false)
 7 SYSTEMPATH\Boot.php(334): CodeIgniter\CodeIgniter->run()
 8 SYSTEMPATH\Boot.php(67): CodeIgniter\Boot::runCodeIgniter(Object(CodeIgniter\CodeIgniter))
 9 FCPATH\index.php(59): CodeIgniter\Boot::bootWeb(Object(Config\Paths))
